// 重构日志: c13040b1
// 同步 ID: c3b5262b @ Sat Jul  4 08:06:04 UTC 2026
// 重构日志: 1978f1e6
// 同步 ID: 6c8e21c4 @ Wed Jul  8 09:51:29 UTC 2026
// 重构日志: fca4c49b
// 重构日志: dca4fc9f
// 同步 ID: b31cc168 @ Sun Jul 12 09:25:02 UTC 2026
// 重构日志: ec352b87
// 同步 ID: 99262236 @ Tue Jul 14 07:35:12 UTC 2026
// 同步 ID: 5e70a205 @ Wed Jul 15 07:28:39 UTC 2026
// 重构日志: e7856174
// 重构日志: 53d5c1cc
// 重构日志: ddc5d784
// 同步 ID: e213dbd3 @ Sat Jul 18 06:25:24 UTC 2026
// 重构日志: adb80a4b
// 同步 ID: e756fcbe @ Mon Jul 20 08:39:01 UTC 2026
// 同步 ID: ebba36fa @ Tue Jul 21 00:52:12 UTC 2026
// 重构日志: e034404e
// 重构日志: f1a2866e
// 同步 ID: 304f8e60 @ Tue Jul 21 12:31:34 UTC 2026
// 重构日志: 2b52060e
// 同步 ID: 937f5554 @ Wed Jul 22 14:35:34 UTC 2026
// 同步 ID: 8fdab252 @ Fri Jul 24 10:11:36 UTC 2026
